SecondStory/build/outputs/logs/manifest-merger-debug-report.txt
-- Merging decision tree log ---
manifest
ADDED from SecondStory-Android copy/SecondStory/AndroidManifest.xml:2:1-219:12
	package
		ADDED from SecondStory-Android copy/SecondStory/AndroidManifest.xml:3:5-44
	android:versionName
		ADDED from SecondStory-Android copy/SecondStory/AndroidManifest.xml:5:5-32
	android:versionCode
		ADDED from SecondStory-Android copy/SecondStory/AndroidManifest.xml:4:5-29
		INJECTED from SecondStory-Android copy/SecondStory/AndroidManifest.xml
		INJECTED from SecondStory-Android copy/SecondStory/AndroidManifest.xml
	xmlns:android
		ADDED from SecondStory-Android copy/SecondStory/AndroidManifest.xml:2:11-69
uses-sdk
ADDED from SecondStory-Android copy/SecondStory/AndroidManifest.xml:8:5-11:7
	android:targetSdkVersion
		ADDED from SecondStory-Android copy/SecondStory/AndroidManifest.xml:10:9-38
	android:minSdkVersion
		ADDED from SecondStory-Android copy/SecondStory/AndroidManifest.xml:9:9-35
supports-screens
ADDED from SecondStory-Android copy/SecondStory/AndroidManifest.xml:14:5-19:7
	android:largeScreens
		ADDED from SecondStory-Android copy/SecondStory/AndroidManifest.xml:15:6-33
	android:smallScreens
		ADDED from SecondStory-Android copy/SecondStory/AndroidManifest.xml:17:6-33
	android:normalScreens
		ADDED from SecondStory-Android copy/SecondStory/AndroidManifest.xml:16:6-34
	android:anyDensity
		ADDED from SecondStory-Android copy/SecondStory/AndroidManifest.xml:18:6-31
uses-permission#android.permission.READ_PHONE_STATE
ADDED from SecondStory-Android copy/SecondStory/AndroidManifest.xml:22:5-74
	android:name
		ADDED from SecondStory-Android copy/SecondStory/AndroidManifest.xml:22:22-72
uses-permission#android.permission.ACCESS_COARSE_LOCATION
ADDED from SecondStory-Android copy/SecondStory/AndroidManifest.xml:23:5-80
	android:name
		ADDED from SecondStory-Android copy/SecondStory/AndroidManifest.xml:23:22-78
uses-permission#android.permission.ACCESS_FINE_LOCATION
ADDED from SecondStory-Android copy/SecondStory/AndroidManifest.xml:24:5-78
	android:name
		ADDED from SecondStory-Android copy/SecondStory/AndroidManifest.xml:24:22-76
uses-permission#android.permission.WRITE_EXTERNAL_STORAGE
ADDED from SecondStory-Android copy/SecondStory/AndroidManifest.xml:25:5-80
	android:name
		ADDED from SecondStory-Android copy/SecondStory/AndroidManifest.xml:25:22-78
uses-permission#android.permission.READ_EXTERNAL_STORAGE
ADDED from SecondStory-Android copy/SecondStory/AndroidManifest.xml:26:5-79
	android:name
		ADDED from SecondStory-Android copy/SecondStory/AndroidManifest.xml:26:22-77
uses-permission#android.permission.INTERNET
ADDED from SecondStory-Android copy/SecondStory/AndroidManifest.xml:27:5-66
	android:name
		ADDED from SecondStory-Android copy/SecondStory/AndroidManifest.xml:27:22-64
uses-permission#android.permission.ACCESS_NETWORK_STATE
ADDED from SecondStory-Android copy/SecondStory/AndroidManifest.xml:28:5-78
	android:name
		ADDED from SecondStory-Android copy/SecondStory/AndroidManifest.xml:28:22-76
uses-permission#android.permission.ACCESS_WIFI_STATE
ADDED from SecondStory-Android copy/SecondStory/AndroidManifest.xml:29:5-75
	android:name
		ADDED from SecondStory-Android copy/SecondStory/AndroidManifest.xml:29:22-73
uses-permission#android.permission.CHANGE_WIFI_STATE
ADDED from SecondStory-Android copy/SecondStory/AndroidManifest.xml:30:5-75
	android:name
		ADDED from SecondStory-Android copy/SecondStory/AndroidManifest.xml:30:22-73
uses-permission#android.permission.CAMERA
ADDED from SecondStory-Android copy/SecondStory/AndroidManifest.xml:31:5-64
	android:name
		ADDED from SecondStory-Android copy/SecondStory/AndroidManifest.xml:31:22-62
uses-feature#0x00020000
ADDED from SecondStory-Android copy/SecondStory/AndroidManifest.xml:34:5-53
	android:glEsVersion
		ADDED from SecondStory-Android copy/SecondStory/AndroidManifest.xml:34:19-51
uses-feature#android.hardware.camera
ADDED from SecondStory-Android copy/SecondStory/AndroidManifest.xml:35:5-59
	android:name
		ADDED from SecondStory-Android copy/SecondStory/AndroidManifest.xml:35:19-57
application
ADDED from SecondStory-Android copy/SecondStory/AndroidManifest.xml:38:5-217:19
	android:label
		ADDED from SecondStory-Android copy/SecondStory/AndroidManifest.xml:42:9-41
	android:launchMode
		ADDED from SecondStory-Android copy/SecondStory/AndroidManifest.xml:40:9-40
	android:allowBackup
		ADDED from SecondStory-Android copy/SecondStory/AndroidManifest.xml:39:9-35
	android:icon
		ADDED from SecondStory-Android copy/SecondStory/AndroidManifest.xml:41:9-45
	android:largeHeap
		ADDED from SecondStory-Android copy/SecondStory/AndroidManifest.xml:44:9-33
	android:theme
		ADDED from SecondStory-Android copy/SecondStory/AndroidManifest.xml:43:9-53
activity#net.hockeyapp.android.UpdateActivity
ADDED from SecondStory-Android copy/SecondStory/AndroidManifest.xml:47:9-73
	android:name
		ADDED from SecondStory-Android copy/SecondStory/AndroidManifest.xml:47:19-70
activity#net.hockeyapp.android.FeedbackActivity
ADDED from SecondStory-Android copy/SecondStory/AndroidManifest.xml:48:9-75
	android:name
		ADDED from SecondStory-Android copy/SecondStory/AndroidManifest.xml:48:19-72
activity#com.theonlyanimal.secondstory.SplashScreen
ADDED from SecondStory-Android copy/SecondStory/AndroidManifest.xml:51:9-60:20
	android:screenOrientation
		ADDED from SecondStory-Android copy/SecondStory/AndroidManifest.xml:54:13-49
	android:label
		ADDED from SecondStory-Android copy/SecondStory/AndroidManifest.xml:53:13-45
	android:name
		ADDED from SecondStory-Android copy/SecondStory/AndroidManifest.xml:52:13-70
intent-filter#android.intent.action.MAIN+android.intent.category.LAUNCHER
ADDED from SecondStory-Android copy/SecondStory/AndroidManifest.xml:56:13-59:29
action#android.intent.action.MAIN
ADDED from SecondStory-Android copy/SecondStory/AndroidManifest.xml:57:17-69
	android:name
		ADDED from SecondStory-Android copy/SecondStory/AndroidManifest.xml:57:25-66
category#android.intent.category.LAUNCHER
ADDED from SecondStory-Android copy/SecondStory/AndroidManifest.xml:58:17-77
	android:name
		ADDED from SecondStory-Android copy/SecondStory/AndroidManifest.xml:58:27-74
activity#com.theonlyanimal.secondstory.MenuScreen
ADDED from SecondStory-Android copy/SecondStory/AndroidManifest.xml:63:9-72:20
	android:screenOrientation
		ADDED from SecondStory-Android copy/SecondStory/AndroidManifest.xml:66:13-49
	android:label
		ADDED from SecondStory-Android copy/SecondStory/AndroidManifest.xml:65:13-45
	android:name
		ADDED from SecondStory-Android copy/SecondStory/AndroidManifest.xml:64:13-68
intent-filter#android.intent.action.MENU+android.intent.category.DEFAULT
ADDED from SecondStory-Android copy/SecondStory/AndroidManifest.xml:68:13-71:29
action#android.intent.action.MENU
ADDED from SecondStory-Android copy/SecondStory/AndroidManifest.xml:69:17-69
	android:name
		ADDED from SecondStory-Android copy/SecondStory/AndroidManifest.xml:69:25-66
category#android.intent.category.DEFAULT
ADDED from SecondStory-Android copy/SecondStory/AndroidManifest.xml:70:17-76
	android:name
		ADDED from SecondStory-Android copy/SecondStory/AndroidManifest.xml:70:27-73
activity#com.theonlyanimal.secondstory.GuideScreen
ADDED from SecondStory-Android copy/SecondStory/AndroidManifest.xml:75:9-84:20
	android:screenOrientation
		ADDED from SecondStory-Android copy/SecondStory/AndroidManifest.xml:78:13-49
	android:label
		ADDED from SecondStory-Android copy/SecondStory/AndroidManifest.xml:77:13-45
	android:name
		ADDED from SecondStory-Android copy/SecondStory/AndroidManifest.xml:76:13-69
intent-filter#android.intent.action.GUIDE+android.intent.category.DEFAULT
ADDED from SecondStory-Android copy/SecondStory/AndroidManifest.xml:80:13-83:29
action#android.intent.action.GUIDE
ADDED from SecondStory-Android copy/SecondStory/AndroidManifest.xml:81:17-70
	android:name
		ADDED from SecondStory-Android copy/SecondStory/AndroidManifest.xml:81:25-67
activity#com.theonlyanimal.secondstory.MapsScreen
ADDED from SecondStory-Android copy/SecondStory/AndroidManifest.xml:87:9-96:20
	android:screenOrientation
		ADDED from SecondStory-Android copy/SecondStory/AndroidManifest.xml:90:13-49
	android:label
		ADDED from SecondStory-Android copy/SecondStory/AndroidManifest.xml:89:13-45
	android:name
		ADDED from SecondStory-Android copy/SecondStory/AndroidManifest.xml:88:13-68
intent-filter#android.intent.action.MAPS+android.intent.category.DEFAULT
ADDED from SecondStory-Android copy/SecondStory/AndroidManifest.xml:92:13-95:29
action#android.intent.action.MAPS
ADDED from SecondStory-Android copy/SecondStory/AndroidManifest.xml:93:17-69
	android:name
		ADDED from SecondStory-Android copy/SecondStory/AndroidManifest.xml:93:25-66
activity#com.theonlyanimal.secondstory.SettingsScreen
ADDED from SecondStory-Android copy/SecondStory/AndroidManifest.xml:99:9-108:20
	android:screenOrientation
		ADDED from SecondStory-Android copy/SecondStory/AndroidManifest.xml:102:13-49
	android:label
		ADDED from SecondStory-Android copy/SecondStory/AndroidManifest.xml:101:13-45
	android:name
		ADDED from SecondStory-Android copy/SecondStory/AndroidManifest.xml:100:13-72
intent-filter#android.intent.action.SETTINGS+android.intent.category.DEFAULT
ADDED from SecondStory-Android copy/SecondStory/AndroidManifest.xml:104:13-107:29
action#android.intent.action.SETTINGS
ADDED from SecondStory-Android copy/SecondStory/AndroidManifest.xml:105:17-73
	android:name
		ADDED from SecondStory-Android copy/SecondStory/AndroidManifest.xml:105:25-70
activity#com.theonlyanimal.secondstory.FeedbackScreen
ADDED from SecondStory-Android copy/SecondStory/AndroidManifest.xml:111:9-120:20
	android:screenOrientation
		ADDED from SecondStory-Android copy/SecondStory/AndroidManifest.xml:114:13-49
	android:label
		ADDED from SecondStory-Android copy/SecondStory/AndroidManifest.xml:113:13-45
	android:name
		ADDED from SecondStory-Android copy/SecondStory/AndroidManifest.xml:112:13-72
intent-filter#android.intent.action.FEEDBACK+android.intent.category.DEFAULT
ADDED from SecondStory-Android copy/SecondStory/AndroidManifest.xml:116:13-119:29
action#android.intent.action.FEEDBACK
ADDED from SecondStory-Android copy/SecondStory/AndroidManifest.xml:117:17-73
	android:name
		ADDED from SecondStory-Android copy/SecondStory/AndroidManifest.xml:117:25-70
activity#com.theonlyanimal.secondstory.InstanceScreen
ADDED from SecondStory-Android copy/SecondStory/AndroidManifest.xml:123:9-132:20
	android:screenOrientation
		ADDED from SecondStory-Android copy/SecondStory/AndroidManifest.xml:126:13-49
	android:label
		ADDED from SecondStory-Android copy/SecondStory/AndroidManifest.xml:125:13-45
	android:name
		ADDED from SecondStory-Android copy/SecondStory/AndroidManifest.xml:124:13-72
intent-filter#android.intent.action.INSTANCE+android.intent.category.DEFAULT
ADDED from SecondStory-Android copy/SecondStory/AndroidManifest.xml:128:13-131:29
action#android.intent.action.INSTANCE
ADDED from SecondStory-Android copy/SecondStory/AndroidManifest.xml:129:17-73
	android:name
		ADDED from SecondStory-Android copy/SecondStory/AndroidManifest.xml:129:25-70
activity#com.theonlyanimal.secondstory.WelcomeScreen
ADDED from SecondStory-Android copy/SecondStory/AndroidManifest.xml:135:9-144:20
	android:screenOrientation
		ADDED from SecondStory-Android copy/SecondStory/AndroidManifest.xml:138:13-49
	android:label
		ADDED from SecondStory-Android copy/SecondStory/AndroidManifest.xml:137:13-45
	android:name
		ADDED from SecondStory-Android copy/SecondStory/AndroidManifest.xml:136:13-71
intent-filter#android.intent.action.WELCOME+android.intent.category.DEFAULT
ADDED from SecondStory-Android copy/SecondStory/AndroidManifest.xml:140:13-143:29
action#android.intent.action.WELCOME
ADDED from SecondStory-Android copy/SecondStory/AndroidManifest.xml:141:17-72
	android:name
		ADDED from SecondStory-Android copy/SecondStory/AndroidManifest.xml:141:25-69
activity#com.theonlyanimal.secondstory.LocationScreen
ADDED from SecondStory-Android copy/SecondStory/AndroidManifest.xml:147:9-156:20
	android:screenOrientation
		ADDED from SecondStory-Android copy/SecondStory/AndroidManifest.xml:150:13-49
	android:label
		ADDED from SecondStory-Android copy/SecondStory/AndroidManifest.xml:149:13-45
	android:name
		ADDED from SecondStory-Android copy/SecondStory/AndroidManifest.xml:148:13-72
intent-filter#android.intent.action.LOCATION+android.intent.category.DEFAULT
ADDED from SecondStory-Android copy/SecondStory/AndroidManifest.xml:152:13-155:29
action#android.intent.action.LOCATION
ADDED from SecondStory-Android copy/SecondStory/AndroidManifest.xml:153:17-73
	android:name
		ADDED from SecondStory-Android copy/SecondStory/AndroidManifest.xml:153:25-70
activity#com.theonlyanimal.secondstory.AboutScreen
ADDED from SecondStory-Android copy/SecondStory/AndroidManifest.xml:159:9-168:20
	android:screenOrientation
		ADDED from SecondStory-Android copy/SecondStory/AndroidManifest.xml:162:13-49
	android:label
		ADDED from SecondStory-Android copy/SecondStory/AndroidManifest.xml:161:13-45
	android:name
		ADDED from SecondStory-Android copy/SecondStory/AndroidManifest.xml:160:13-69
intent-filter#android.intent.action.ABOUT+android.intent.category.DEFAULT
ADDED from SecondStory-Android copy/SecondStory/AndroidManifest.xml:164:13-167:29
action#android.intent.action.ABOUT
ADDED from SecondStory-Android copy/SecondStory/AndroidManifest.xml:165:17-70
	android:name
		ADDED from SecondStory-Android copy/SecondStory/AndroidManifest.xml:165:25-67
activity#com.theonlyanimal.ar.VideoPlayback
ADDED from SecondStory-Android copy/SecondStory/AndroidManifest.xml:171:9-181:20
	android:label
		ADDED from SecondStory-Android copy/SecondStory/AndroidManifest.xml:175:13-45
	android:launchMode
		ADDED from SecondStory-Android copy/SecondStory/AndroidManifest.xml:174:11-42
	android:configChanges
		ADDED from SecondStory-Android copy/SecondStory/AndroidManifest.xml:173:13-93
	android:name
		ADDED from SecondStory-Android copy/SecondStory/AndroidManifest.xml:172:13-62
intent-filter#android.intent.action.VIDEO+android.intent.category.DEFAULT
ADDED from SecondStory-Android copy/SecondStory/AndroidManifest.xml:177:13-180:29
action#android.intent.action.VIDEO
ADDED from SecondStory-Android copy/SecondStory/AndroidManifest.xml:178:17-70
	android:name
		ADDED from SecondStory-Android copy/SecondStory/AndroidManifest.xml:178:25-67
activity#com.theonlyanimal.ar.FullscreenPlayback
ADDED from SecondStory-Android copy/SecondStory/AndroidManifest.xml:184:9-194:20
	android:screenOrientation
		ADDED from SecondStory-Android copy/SecondStory/AndroidManifest.xml:188:11-48
	android:launchMode
		ADDED from SecondStory-Android copy/SecondStory/AndroidManifest.xml:187:11-42
	android:exported
		ADDED from SecondStory-Android copy/SecondStory/AndroidManifest.xml:189:13-37
	android:configChanges
		ADDED from SecondStory-Android copy/SecondStory/AndroidManifest.xml:186:13-93
	android:name
		ADDED from SecondStory-Android copy/SecondStory/AndroidManifest.xml:185:13-67
intent-filter#android.intent.action.VIEW
ADDED from SecondStory-Android copy/SecondStory/AndroidManifest.xml:191:13-193:29
action#android.intent.action.VIEW
ADDED from SecondStory-Android copy/SecondStory/AndroidManifest.xml:192:17-69
	android:name
		ADDED from SecondStory-Android copy/SecondStory/AndroidManifest.xml:192:25-66
activity#com.theonlyanimal.ar.FullscreenYoutubePlayback
ADDED from SecondStory-Android copy/SecondStory/AndroidManifest.xml:197:9-207:20
	android:screenOrientation
		ADDED from SecondStory-Android copy/SecondStory/AndroidManifest.xml:201:11-48
	android:launchMode
		ADDED from SecondStory-Android copy/SecondStory/AndroidManifest.xml:200:11-42
	android:exported
		ADDED from SecondStory-Android copy/SecondStory/AndroidManifest.xml:202:13-37
	android:configChanges
		ADDED from SecondStory-Android copy/SecondStory/AndroidManifest.xml:199:13-93
	android:name
		ADDED from SecondStory-Android copy/SecondStory/AndroidManifest.xml:198:13-74
service#com.theonlyanimal.secondstory.FTPService
ADDED from SecondStory-Android copy/SecondStory/AndroidManifest.xml:210:9-215:13
	android:name
		ADDED from SecondStory-Android copy/SecondStory/AndroidManifest.xml:210:18-43
intent-filter#com.theonlyanimal.FTPService
ADDED from SecondStory-Android copy/SecondStory/AndroidManifest.xml:211:13-214:29
action#com.theonlyanimal.FTPService
ADDED from SecondStory-Android copy/SecondStory/AndroidManifest.xml:212:17-213:26
	android:name
		ADDED from SecondStory-Android copy/SecondStory/AndroidManifest.xml:212:25-68